2020-02-22 21:12:53.567  INFO 19664 --- [main] com.example.RestApiApplication           : Starting RestApiApplication on DESKTOP-6B04KB6 with PID 19664 (started by 김동기 in C:\Users\김동기\git\kdk_boot_jpa)
2020-02-22 21:12:53.577  INFO 19664 --- [main] com.example.RestApiApplication           : No active profile set, falling back to default profiles: default
2020-02-22 21:12:54.693  INFO 19664 --- [main] .s.d.r.c.RepositoryConfigurationDelegate : Bootstrapping Spring Data repositories in DEFAULT mode.
2020-02-22 21:12:54.786  INFO 19664 --- [main] .s.d.r.c.RepositoryConfigurationDelegate : Finished Spring Data repository scanning in 79ms. Found 2 repository interfaces.
2020-02-22 21:12:55.060  INFO 19664 --- [main] ptablePropertiesBeanFactoryPostProcessor : Post-processing PropertySource instances
2020-02-22 21:12:55.134  INFO 19664 --- [main] c.u.j.EncryptablePropertySourceConverter : Converting PropertySource configurationProperties [org.springframework.boot.context.properties.source.ConfigurationPropertySourcesPropertySource] to AOP Proxy
2020-02-22 21:12:55.135  INFO 19664 --- [main] c.u.j.EncryptablePropertySourceConverter : Converting PropertySource commandLineArgs [org.springframework.core.env.SimpleCommandLinePropertySource] to EncryptableEnumerablePropertySourceWrapper
2020-02-22 21:12:55.136  INFO 19664 --- [main] c.u.j.EncryptablePropertySourceConverter : Converting PropertySource servletConfigInitParams [org.springframework.core.env.PropertySource$StubPropertySource] to EncryptablePropertySourceWrapper
2020-02-22 21:12:55.136  INFO 19664 --- [main] c.u.j.EncryptablePropertySourceConverter : Converting PropertySource servletContextInitParams [org.springframework.core.env.PropertySource$StubPropertySource] to EncryptablePropertySourceWrapper
2020-02-22 21:12:55.137  INFO 19664 --- [main] c.u.j.EncryptablePropertySourceConverter : Converting PropertySource systemProperties [org.springframework.core.env.PropertiesPropertySource] to EncryptableMapPropertySourceWrapper
2020-02-22 21:12:55.137  INFO 19664 --- [main] c.u.j.EncryptablePropertySourceConverter : Converting PropertySource systemEnvironment [org.springframework.boot.env.SystemEnvironmentPropertySourceEnvironmentPostProcessor$OriginAwareSystemEnvironmentPropertySource] to EncryptableMapPropertySourceWrapper
2020-02-22 21:12:55.137  INFO 19664 --- [main] c.u.j.EncryptablePropertySourceConverter : Converting PropertySource random [org.springframework.boot.env.RandomValuePropertySource] to EncryptablePropertySourceWrapper
2020-02-22 21:12:55.137  INFO 19664 --- [main] c.u.j.EncryptablePropertySourceConverter : Converting PropertySource applicationConfig: [classpath:/application.properties] [org.springframework.boot.env.OriginTrackedMapPropertySource] to EncryptableMapPropertySourceWrapper
2020-02-22 21:12:55.165  INFO 19664 --- [main] c.u.j.filter.DefaultLazyPropertyFilter   : Property Filter custom Bean not found with name 'encryptablePropertyFilter'. Initializing Default Property Filter
2020-02-22 21:12:55.226  INFO 19664 --- [main] trationDelegate$BeanPostProcessorChecker : Bean 'org.springframework.transaction.annotation.ProxyTransactionManagementConfiguration' of type [org.springframework.transaction.annotation.ProxyTransactionManagementConfiguration$$EnhancerBySpringCGLIB$$cbc82af4] is not eligible for getting processed by all BeanPostProcessors (for example: not eligible for auto-proxying)
2020-02-22 21:12:55.369  INFO 19664 --- [main] c.u.j.r.DefaultLazyPropertyResolver      : Property Resolver custom Bean not found with name 'encryptablePropertyResolver'. Initializing Default Property Resolver
2020-02-22 21:12:55.372  INFO 19664 --- [main] c.u.j.d.DefaultLazyPropertyDetector      : Property Detector custom Bean not found with name 'encryptablePropertyDetector'. Initializing Default Property Detector
2020-02-22 21:12:55.656  INFO 19664 --- [main] o.s.b.w.embedded.tomcat.TomcatWebServer  : Tomcat initialized with port(s): 8888 (http)
2020-02-22 21:12:55.687  INFO 19664 --- [main] o.apache.catalina.core.StandardService   : Starting service [Tomcat]
2020-02-22 21:12:55.687  INFO 19664 --- [main] org.apache.catalina.core.StandardEngine  : Starting Servlet engine: [Apache Tomcat/9.0.26]
2020-02-22 21:12:55.937  INFO 19664 --- [main] org.apache.jasper.servlet.TldScanner     : At least one JAR was scanned for TLDs yet contained no TLDs. Enable debug logging for this logger for a complete list of JARs that were scanned but no TLDs were found in them. Skipping unneeded JARs during scanning can improve startup time and JSP compilation time.
2020-02-22 21:12:55.945  INFO 19664 --- [main] o.a.c.c.C.[Tomcat].[localhost].[/]       : Initializing Spring embedded WebApplicationContext
2020-02-22 21:12:55.945  INFO 19664 --- [main] o.s.web.context.ContextLoader            : Root WebApplicationContext: initialization completed in 2312 ms
2020-02-22 21:12:56.039  INFO 19664 --- [main] c.u.j.encryptor.DefaultLazyEncryptor     : Found Custom Encryptor Bean org.jasypt.encryption.pbe.PooledPBEStringEncryptor@a66e580 with name: jasyptStringEncryptor
2020-02-22 21:12:57.159  INFO 19664 --- [main] com.zaxxer.hikari.HikariDataSource       : HikariPool-1 - Starting...
2020-02-22 21:12:57.164  WARN 19664 --- [main] com.zaxxer.hikari.util.DriverDataSource  : Registered driver with driverClassName=com.mysql.jdbc.Driver was not found, trying direct instantiation.
2020-02-22 21:12:57.390  INFO 19664 --- [main] com.zaxxer.hikari.HikariDataSource       : HikariPool-1 - Start completed.
2020-02-22 21:12:57.468  INFO 19664 --- [main] o.hibernate.jpa.internal.util.LogHelper  : HHH000204: Processing PersistenceUnitInfo [
	name: default
	...]
2020-02-22 21:12:57.596  INFO 19664 --- [main] org.hibernate.Version                    : HHH000412: Hibernate Core {5.3.12.Final}
2020-02-22 21:12:57.596  INFO 19664 --- [main] org.hibernate.cfg.Environment            : HHH000206: hibernate.properties not found
2020-02-22 21:12:57.797  INFO 19664 --- [main] o.hibernate.annotations.common.Version   : HCANN000001: Hibernate Commons Annotations {5.0.4.Final}
2020-02-22 21:12:57.986  INFO 19664 --- [main] org.hibernate.dialect.Dialect            : HHH000400: Using dialect: org.hibernate.dialect.MySQL5Dialect
2020-02-22 21:12:58.792  INFO 19664 --- [main] j.LocalContainerEntityManagerFactoryBean : Initialized JPA EntityManagerFactory for persistence unit 'default'
2020-02-22 21:12:59.644  WARN 19664 --- [main] aWebConfiguration$JpaWebMvcConfiguration : spring.jpa.open-in-view is enabled by default. Therefore, database queries may be performed during view rendering. Explicitly configure spring.jpa.open-in-view to disable this warning
2020-02-22 21:12:59.784  INFO 19664 --- [main] pertySourcedRequestMappingHandlerMapping : Mapped URL path [/v2/api-docs] onto method [public org.springframework.http.ResponseEntity<springfox.documentation.spring.web.json.Json> springfox.documentation.swagger2.web.Swagger2Controller.getDocumentation(java.lang.String,javax.servlet.http.HttpServletRequest)]
2020-02-22 21:12:59.975  INFO 19664 --- [main] o.s.s.web.DefaultSecurityFilterChain     : Creating filter chain: org.springframework.security.web.util.matcher.AnyRequestMatcher@1, [org.springframework.security.web.context.request.async.WebAsyncManagerIntegrationFilter@27e21083, org.springframework.security.web.context.SecurityContextPersistenceFilter@29f95272, org.springframework.security.web.header.HeaderWriterFilter@73da7f08, org.springframework.security.web.csrf.CsrfFilter@780ee3ad, org.springframework.security.web.authentication.logout.LogoutFilter@93ce24d, org.springframework.security.web.authentication.UsernamePasswordAuthenticationFilter@28f90752, org.springframework.security.web.savedrequest.RequestCacheAwareFilter@1da53f4f, org.springframework.security.web.servletapi.SecurityContextHolderAwareRequestFilter@1884e671, org.springframework.security.web.authentication.AnonymousAuthenticationFilter@67a6a2d0, org.springframework.security.web.session.SessionManagementFilter@62de73eb, org.springframework.security.web.access.ExceptionTranslationFilter@1530d0f2, org.springframework.security.web.access.intercept.FilterSecurityInterceptor@92e2c93]
2020-02-22 21:13:00.137  INFO 19664 --- [main] o.s.s.concurrent.ThreadPoolTaskExecutor  : Initializing ExecutorService 'applicationTaskExecutor'
2020-02-22 21:13:00.222  INFO 19664 --- [main] o.s.b.a.w.s.WelcomePageHandlerMapping    : Adding welcome page template: index
2020-02-22 21:13:00.391  INFO 19664 --- [main] d.s.w.p.DocumentationPluginsBootstrapper : Context refreshed
2020-02-22 21:13:00.418  INFO 19664 --- [main] d.s.w.p.DocumentationPluginsBootstrapper : Found 1 custom documentation plugin(s)
2020-02-22 21:13:00.465  INFO 19664 --- [main] s.d.s.w.s.ApiListingReferenceScanner     : Scanning for api listing references
2020-02-22 21:13:01.624  INFO 19664 --- [main] o.s.b.w.embedded.tomcat.TomcatWebServer  : Tomcat started on port(s): 8888 (http) with context path ''
2020-02-22 21:13:01.631  INFO 19664 --- [main] com.example.RestApiApplication           : Started RestApiApplication in 8.49 seconds (JVM running for 9.91)
2020-02-22 21:13:33.683  INFO 19664 --- [http-nio-8888-exec-3] o.a.c.c.C.[Tomcat].[localhost].[/]       : Initializing Spring DispatcherServlet 'dispatcherServlet'
2020-02-22 21:13:33.684  INFO 19664 --- [http-nio-8888-exec-3] o.s.web.servlet.DispatcherServlet        : Initializing Servlet 'dispatcherServlet'
2020-02-22 21:13:33.695  INFO 19664 --- [http-nio-8888-exec-3] o.s.web.servlet.DispatcherServlet        : Completed initialization in 11 ms
2020-02-22 21:16:57.875  INFO 19664 --- [RMI TCP Connection(2)-127.0.0.1] inMXBeanRegistrar$SpringApplicationAdmin : Application shutdown requested.
2020-02-22 21:16:57.878  INFO 19664 --- [RMI TCP Connection(2)-127.0.0.1] o.s.s.concurrent.ThreadPoolTaskExecutor  : Shutting down ExecutorService 'applicationTaskExecutor'
2020-02-22 21:16:57.880  INFO 19664 --- [RMI TCP Connection(2)-127.0.0.1] j.LocalContainerEntityManagerFactoryBean : Closing JPA EntityManagerFactory for persistence unit 'default'
2020-02-22 21:16:57.882  INFO 19664 --- [RMI TCP Connection(2)-127.0.0.1] com.zaxxer.hikari.HikariDataSource       : HikariPool-1 - Shutdown initiated...
2020-02-22 21:16:57.890  INFO 19664 --- [RMI TCP Connection(2)-127.0.0.1] com.zaxxer.hikari.HikariDataSource       : HikariPool-1 - Shutdown completed.
2020-02-22 21:18:54.801  INFO 19220 --- [main] com.example.RestApiApplication           : Starting RestApiApplication on DESKTOP-6B04KB6 with PID 19220 (started by 김동기 in C:\Users\김동기\git\kdk_boot_jpa)
2020-02-22 21:18:54.805  INFO 19220 --- [main] com.example.RestApiApplication           : No active profile set, falling back to default profiles: default
2020-02-22 21:18:55.641  INFO 19220 --- [main] .s.d.r.c.RepositoryConfigurationDelegate : Bootstrapping Spring Data repositories in DEFAULT mode.
2020-02-22 21:18:55.728  INFO 19220 --- [main] .s.d.r.c.RepositoryConfigurationDelegate : Finished Spring Data repository scanning in 67ms. Found 2 repository interfaces.
2020-02-22 21:18:55.937  INFO 19220 --- [main] ptablePropertiesBeanFactoryPostProcessor : Post-processing PropertySource instances
2020-02-22 21:18:55.995  INFO 19220 --- [main] c.u.j.EncryptablePropertySourceConverter : Converting PropertySource configurationProperties [org.springframework.boot.context.properties.source.ConfigurationPropertySourcesPropertySource] to AOP Proxy
2020-02-22 21:18:55.995  INFO 19220 --- [main] c.u.j.EncryptablePropertySourceConverter : Converting PropertySource commandLineArgs [org.springframework.core.env.SimpleCommandLinePropertySource] to EncryptableEnumerablePropertySourceWrapper
2020-02-22 21:18:55.995  INFO 19220 --- [main] c.u.j.EncryptablePropertySourceConverter : Converting PropertySource servletConfigInitParams [org.springframework.core.env.PropertySource$StubPropertySource] to EncryptablePropertySourceWrapper
2020-02-22 21:18:55.995  INFO 19220 --- [main] c.u.j.EncryptablePropertySourceConverter : Converting PropertySource servletContextInitParams [org.springframework.core.env.PropertySource$StubPropertySource] to EncryptablePropertySourceWrapper
2020-02-22 21:18:55.995  INFO 19220 --- [main] c.u.j.EncryptablePropertySourceConverter : Converting PropertySource systemProperties [org.springframework.core.env.PropertiesPropertySource] to EncryptableMapPropertySourceWrapper
2020-02-22 21:18:55.995  INFO 19220 --- [main] c.u.j.EncryptablePropertySourceConverter : Converting PropertySource systemEnvironment [org.springframework.boot.env.SystemEnvironmentPropertySourceEnvironmentPostProcessor$OriginAwareSystemEnvironmentPropertySource] to EncryptableMapPropertySourceWrapper
2020-02-22 21:18:55.995  INFO 19220 --- [main] c.u.j.EncryptablePropertySourceConverter : Converting PropertySource random [org.springframework.boot.env.RandomValuePropertySource] to EncryptablePropertySourceWrapper
2020-02-22 21:18:55.995  INFO 19220 --- [main] c.u.j.EncryptablePropertySourceConverter : Converting PropertySource applicationConfig: [classpath:/application.properties] [org.springframework.boot.env.OriginTrackedMapPropertySource] to EncryptableMapPropertySourceWrapper
2020-02-22 21:18:56.011  INFO 19220 --- [main] c.u.j.filter.DefaultLazyPropertyFilter   : Property Filter custom Bean not found with name 'encryptablePropertyFilter'. Initializing Default Property Filter
2020-02-22 21:18:56.073  INFO 19220 --- [main] trationDelegate$BeanPostProcessorChecker : Bean 'org.springframework.transaction.annotation.ProxyTransactionManagementConfiguration' of type [org.springframework.transaction.annotation.ProxyTransactionManagementConfiguration$$EnhancerBySpringCGLIB$$560e332b] is not eligible for getting processed by all BeanPostProcessors (for example: not eligible for auto-proxying)
2020-02-22 21:18:56.151  INFO 19220 --- [main] c.u.j.r.DefaultLazyPropertyResolver      : Property Resolver custom Bean not found with name 'encryptablePropertyResolver'. Initializing Default Property Resolver
2020-02-22 21:18:56.151  INFO 19220 --- [main] c.u.j.d.DefaultLazyPropertyDetector      : Property Detector custom Bean not found with name 'encryptablePropertyDetector'. Initializing Default Property Detector
2020-02-22 21:18:56.370  INFO 19220 --- [main] o.s.b.w.embedded.tomcat.TomcatWebServer  : Tomcat initialized with port(s): 8888 (http)
2020-02-22 21:18:56.386  INFO 19220 --- [main] o.apache.catalina.core.StandardService   : Starting service [Tomcat]
2020-02-22 21:18:56.386  INFO 19220 --- [main] org.apache.catalina.core.StandardEngine  : Starting Servlet engine: [Apache Tomcat/9.0.26]
2020-02-22 21:18:56.848  INFO 19220 --- [main] org.apache.jasper.servlet.TldScanner     : At least one JAR was scanned for TLDs yet contained no TLDs. Enable debug logging for this logger for a complete list of JARs that were scanned but no TLDs were found in them. Skipping unneeded JARs during scanning can improve startup time and JSP compilation time.
2020-02-22 21:18:56.864  INFO 19220 --- [main] o.a.c.c.C.[Tomcat].[localhost].[/]       : Initializing Spring embedded WebApplicationContext
2020-02-22 21:18:56.864  INFO 19220 --- [main] o.s.web.context.ContextLoader            : Root WebApplicationContext: initialization completed in 2021 ms
2020-02-22 21:18:56.927  INFO 19220 --- [main] c.u.j.encryptor.DefaultLazyEncryptor     : Found Custom Encryptor Bean org.jasypt.encryption.pbe.PooledPBEStringEncryptor@78307a56 with name: jasyptStringEncryptor
2020-02-22 21:18:57.741  INFO 19220 --- [main] com.zaxxer.hikari.HikariDataSource       : HikariPool-1 - Starting...
2020-02-22 21:18:57.742  WARN 19220 --- [main] com.zaxxer.hikari.util.DriverDataSource  : Registered driver with driverClassName=com.mysql.jdbc.Driver was not found, trying direct instantiation.
2020-02-22 21:18:57.839  INFO 19220 --- [main] com.zaxxer.hikari.HikariDataSource       : HikariPool-1 - Start completed.
2020-02-22 21:18:57.887  INFO 19220 --- [main] o.hibernate.jpa.internal.util.LogHelper  : HHH000204: Processing PersistenceUnitInfo [
	name: default
	...]
2020-02-22 21:18:57.949  INFO 19220 --- [main] org.hibernate.Version                    : HHH000412: Hibernate Core {5.3.12.Final}
2020-02-22 21:18:57.951  INFO 19220 --- [main] org.hibernate.cfg.Environment            : HHH000206: hibernate.properties not found
2020-02-22 21:18:58.078  INFO 19220 --- [main] o.hibernate.annotations.common.Version   : HCANN000001: Hibernate Commons Annotations {5.0.4.Final}
2020-02-22 21:18:58.205  INFO 19220 --- [main] org.hibernate.dialect.Dialect            : HHH000400: Using dialect: org.hibernate.dialect.MySQL5Dialect
2020-02-22 21:18:58.724  INFO 19220 --- [main] j.LocalContainerEntityManagerFactoryBean : Initialized JPA EntityManagerFactory for persistence unit 'default'
2020-02-22 21:19:00.227  WARN 19220 --- [main] aWebConfiguration$JpaWebMvcConfiguration : spring.jpa.open-in-view is enabled by default. Therefore, database queries may be performed during view rendering. Explicitly configure spring.jpa.open-in-view to disable this warning
2020-02-22 21:19:00.344  INFO 19220 --- [main] pertySourcedRequestMappingHandlerMapping : Mapped URL path [/v2/api-docs] onto method [public org.springframework.http.ResponseEntity<springfox.documentation.spring.web.json.Json> springfox.documentation.swagger2.web.Swagger2Controller.getDocumentation(java.lang.String,javax.servlet.http.HttpServletRequest)]
2020-02-22 21:19:00.485  INFO 19220 --- [main] o.s.s.web.DefaultSecurityFilterChain     : Creating filter chain: org.springframework.security.web.util.matcher.AnyRequestMatcher@1, [org.springframework.security.web.context.request.async.WebAsyncManagerIntegrationFilter@206b959c, org.springframework.security.web.context.SecurityContextPersistenceFilter@1d6a0962, org.springframework.security.web.header.HeaderWriterFilter@3702d0ed, org.springframework.security.web.csrf.CsrfFilter@495f3965, org.springframework.security.web.authentication.logout.LogoutFilter@5dd2ea0a, org.springframework.security.web.authentication.UsernamePasswordAuthenticationFilter@2a2b3aff, org.springframework.security.web.savedrequest.RequestCacheAwareFilter@515d615, org.springframework.security.web.servletapi.SecurityContextHolderAwareRequestFilter@12dc702b, org.springframework.security.web.authentication.AnonymousAuthenticationFilter@74026b18, org.springframework.security.web.session.SessionManagementFilter@705d72f0, org.springframework.security.web.access.ExceptionTranslationFilter@6ab826bb, org.springframework.security.web.access.intercept.FilterSecurityInterceptor@542beecb]
2020-02-22 21:19:00.633  INFO 19220 --- [main] o.s.s.concurrent.ThreadPoolTaskExecutor  : Initializing ExecutorService 'applicationTaskExecutor'
2020-02-22 21:19:00.679  INFO 19220 --- [main] o.s.b.a.w.s.WelcomePageHandlerMapping    : Adding welcome page template: index
2020-02-22 21:19:00.789  INFO 19220 --- [main] d.s.w.p.DocumentationPluginsBootstrapper : Context refreshed
2020-02-22 21:19:00.804  INFO 19220 --- [main] d.s.w.p.DocumentationPluginsBootstrapper : Found 1 custom documentation plugin(s)
2020-02-22 21:19:00.836  INFO 19220 --- [main] s.d.s.w.s.ApiListingReferenceScanner     : Scanning for api listing references
2020-02-22 21:19:01.220  INFO 19220 --- [main] o.s.b.w.embedded.tomcat.TomcatWebServer  : Tomcat started on port(s): 8888 (http) with context path ''
2020-02-22 21:19:01.220  INFO 19220 --- [main] com.example.RestApiApplication           : Started RestApiApplication in 6.794 seconds (JVM running for 10.747)
2020-02-22 21:19:03.231  INFO 19220 --- [http-nio-8888-exec-1] o.a.c.c.C.[Tomcat].[localhost].[/]       : Initializing Spring DispatcherServlet 'dispatcherServlet'
2020-02-22 21:19:03.231  INFO 19220 --- [http-nio-8888-exec-1] o.s.web.servlet.DispatcherServlet        : Initializing Servlet 'dispatcherServlet'
2020-02-22 21:19:03.244  INFO 19220 --- [http-nio-8888-exec-1] o.s.web.servlet.DispatcherServlet        : Completed initialization in 13 ms
2020-02-22 21:20:39.703  INFO 26104 --- [main] com.example.RestApiApplication           : Starting RestApiApplication on DESKTOP-6B04KB6 with PID 26104 (started by 김동기 in C:\Users\김동기\git\kdk_boot_jpa)
2020-02-22 21:20:39.719  INFO 26104 --- [main] com.example.RestApiApplication           : No active profile set, falling back to default profiles: default
2020-02-22 21:20:40.497  INFO 26104 --- [main] .s.d.r.c.RepositoryConfigurationDelegate : Bootstrapping Spring Data repositories in DEFAULT mode.
2020-02-22 21:20:40.552  INFO 26104 --- [main] .s.d.r.c.RepositoryConfigurationDelegate : Finished Spring Data repository scanning in 51ms. Found 2 repository interfaces.
2020-02-22 21:20:40.781  INFO 26104 --- [main] ptablePropertiesBeanFactoryPostProcessor : Post-processing PropertySource instances
2020-02-22 21:20:40.829  INFO 26104 --- [main] c.u.j.EncryptablePropertySourceConverter : Converting PropertySource configurationProperties [org.springframework.boot.context.properties.source.ConfigurationPropertySourcesPropertySource] to AOP Proxy
2020-02-22 21:20:40.829  INFO 26104 --- [main] c.u.j.EncryptablePropertySourceConverter : Converting PropertySource commandLineArgs [org.springframework.core.env.SimpleCommandLinePropertySource] to EncryptableEnumerablePropertySourceWrapper
2020-02-22 21:20:40.830  INFO 26104 --- [main] c.u.j.EncryptablePropertySourceConverter : Converting PropertySource servletConfigInitParams [org.springframework.core.env.PropertySource$StubPropertySource] to EncryptablePropertySourceWrapper
2020-02-22 21:20:40.830  INFO 26104 --- [main] c.u.j.EncryptablePropertySourceConverter : Converting PropertySource servletContextInitParams [org.springframework.core.env.PropertySource$StubPropertySource] to EncryptablePropertySourceWrapper
2020-02-22 21:20:40.830  INFO 26104 --- [main] c.u.j.EncryptablePropertySourceConverter : Converting PropertySource systemProperties [org.springframework.core.env.PropertiesPropertySource] to EncryptableMapPropertySourceWrapper
2020-02-22 21:20:40.830  INFO 26104 --- [main] c.u.j.EncryptablePropertySourceConverter : Converting PropertySource systemEnvironment [org.springframework.boot.env.SystemEnvironmentPropertySourceEnvironmentPostProcessor$OriginAwareSystemEnvironmentPropertySource] to EncryptableMapPropertySourceWrapper
2020-02-22 21:20:40.831  INFO 26104 --- [main] c.u.j.EncryptablePropertySourceConverter : Converting PropertySource random [org.springframework.boot.env.RandomValuePropertySource] to EncryptablePropertySourceWrapper
2020-02-22 21:20:40.831  INFO 26104 --- [main] c.u.j.EncryptablePropertySourceConverter : Converting PropertySource applicationConfig: [classpath:/application.properties] [org.springframework.boot.env.OriginTrackedMapPropertySource] to EncryptableMapPropertySourceWrapper
2020-02-22 21:20:40.856  INFO 26104 --- [main] c.u.j.filter.DefaultLazyPropertyFilter   : Property Filter custom Bean not found with name 'encryptablePropertyFilter'. Initializing Default Property Filter
2020-02-22 21:20:40.914  INFO 26104 --- [main] trationDelegate$BeanPostProcessorChecker : Bean 'org.springframework.transaction.annotation.ProxyTransactionManagementConfiguration' of type [org.springframework.transaction.annotation.ProxyTransactionManagementConfiguration$$EnhancerBySpringCGLIB$$11162bee] is not eligible for getting processed by all BeanPostProcessors (for example: not eligible for auto-proxying)
2020-02-22 21:20:40.997  INFO 26104 --- [main] c.u.j.r.DefaultLazyPropertyResolver      : Property Resolver custom Bean not found with name 'encryptablePropertyResolver'. Initializing Default Property Resolver
2020-02-22 21:20:40.999  INFO 26104 --- [main] c.u.j.d.DefaultLazyPropertyDetector      : Property Detector custom Bean not found with name 'encryptablePropertyDetector'. Initializing Default Property Detector
2020-02-22 21:20:41.221  INFO 26104 --- [main] o.s.b.w.embedded.tomcat.TomcatWebServer  : Tomcat initialized with port(s): 8888 (http)
2020-02-22 21:20:41.244  INFO 26104 --- [main] o.apache.catalina.core.StandardService   : Starting service [Tomcat]
2020-02-22 21:20:41.244  INFO 26104 --- [main] org.apache.catalina.core.StandardEngine  : Starting Servlet engine: [Apache Tomcat/9.0.26]
2020-02-22 21:20:41.443  INFO 26104 --- [main] org.apache.jasper.servlet.TldScanner     : At least one JAR was scanned for TLDs yet contained no TLDs. Enable debug logging for this logger for a complete list of JARs that were scanned but no TLDs were found in them. Skipping unneeded JARs during scanning can improve startup time and JSP compilation time.
2020-02-22 21:20:41.443  INFO 26104 --- [main] o.a.c.c.C.[Tomcat].[localhost].[/]       : Initializing Spring embedded WebApplicationContext
2020-02-22 21:20:41.443  INFO 26104 --- [main] o.s.web.context.ContextLoader            : Root WebApplicationContext: initialization completed in 1685 ms
2020-02-22 21:20:41.525  INFO 26104 --- [main] c.u.j.encryptor.DefaultLazyEncryptor     : Found Custom Encryptor Bean org.jasypt.encryption.pbe.PooledPBEStringEncryptor@6981f8f3 with name: jasyptStringEncryptor
2020-02-22 21:20:42.321  INFO 26104 --- [main] com.zaxxer.hikari.HikariDataSource       : HikariPool-1 - Starting...
2020-02-22 21:20:42.328  WARN 26104 --- [main] com.zaxxer.hikari.util.DriverDataSource  : Registered driver with driverClassName=com.mysql.jdbc.Driver was not found, trying direct instantiation.
2020-02-22 21:20:42.407  INFO 26104 --- [main] com.zaxxer.hikari.HikariDataSource       : HikariPool-1 - Start completed.
2020-02-22 21:20:42.438  INFO 26104 --- [main] o.hibernate.jpa.internal.util.LogHelper  : HHH000204: Processing PersistenceUnitInfo [
	name: default
	...]
2020-02-22 21:20:42.485  INFO 26104 --- [main] org.hibernate.Version                    : HHH000412: Hibernate Core {5.3.12.Final}
2020-02-22 21:20:42.485  INFO 26104 --- [main] org.hibernate.cfg.Environment            : HHH000206: hibernate.properties not found
2020-02-22 21:20:42.594  INFO 26104 --- [main] o.hibernate.annotations.common.Version   : HCANN000001: Hibernate Commons Annotations {5.0.4.Final}
2020-02-22 21:20:42.688  INFO 26104 --- [main] org.hibernate.dialect.Dialect            : HHH000400: Using dialect: org.hibernate.dialect.MySQL5Dialect
2020-02-22 21:20:43.094  INFO 26104 --- [main] j.LocalContainerEntityManagerFactoryBean : Initialized JPA EntityManagerFactory for persistence unit 'default'
2020-02-22 21:20:43.500  WARN 26104 --- [main] aWebConfiguration$JpaWebMvcConfiguration : spring.jpa.open-in-view is enabled by default. Therefore, database queries may be performed during view rendering. Explicitly configure spring.jpa.open-in-view to disable this warning
2020-02-22 21:20:43.619  INFO 26104 --- [main] pertySourcedRequestMappingHandlerMapping : Mapped URL path [/v2/api-docs] onto method [public org.springframework.http.ResponseEntity<springfox.documentation.spring.web.json.Json> springfox.documentation.swagger2.web.Swagger2Controller.getDocumentation(java.lang.String,javax.servlet.http.HttpServletRequest)]
2020-02-22 21:20:43.728  INFO 26104 --- [main] o.s.s.web.DefaultSecurityFilterChain     : Creating filter chain: org.springframework.security.web.util.matcher.AnyRequestMatcher@1, [org.springframework.security.web.context.request.async.WebAsyncManagerIntegrationFilter@6921cfa, org.springframework.security.web.context.SecurityContextPersistenceFilter@1d585fb, org.springframework.security.web.header.HeaderWriterFilter@11c3d22f, org.springframework.security.web.csrf.CsrfFilter@6fd7aba8, org.springframework.security.web.authentication.logout.LogoutFilter@26c59348, org.springframework.security.web.authentication.UsernamePasswordAuthenticationFilter@2e85e3f1, org.springframework.security.web.savedrequest.RequestCacheAwareFilter@1c7843c3, org.springframework.security.web.servletapi.SecurityContextHolderAwareRequestFilter@6abe62bb, org.springframework.security.web.authentication.AnonymousAuthenticationFilter@523abba9, org.springframework.security.web.session.SessionManagementFilter@7d8f2eec, org.springframework.security.web.access.ExceptionTranslationFilter@3fef1e6b, org.springframework.security.web.access.intercept.FilterSecurityInterceptor@44ddb518]
2020-02-22 21:20:43.822  INFO 26104 --- [main] o.s.s.concurrent.ThreadPoolTaskExecutor  : Initializing ExecutorService 'applicationTaskExecutor'
2020-02-22 21:20:43.869  INFO 26104 --- [main] o.s.b.a.w.s.WelcomePageHandlerMapping    : Adding welcome page template: index
2020-02-22 21:20:43.962  INFO 26104 --- [main] d.s.w.p.DocumentationPluginsBootstrapper : Context refreshed
2020-02-22 21:20:43.978  INFO 26104 --- [main] d.s.w.p.DocumentationPluginsBootstrapper : Found 1 custom documentation plugin(s)
2020-02-22 21:20:44.009  INFO 26104 --- [main] s.d.s.w.s.ApiListingReferenceScanner     : Scanning for api listing references
2020-02-22 21:20:44.337  INFO 26104 --- [main] o.s.b.w.embedded.tomcat.TomcatWebServer  : Tomcat started on port(s): 8888 (http) with context path ''
2020-02-22 21:20:44.337  INFO 26104 --- [main] com.example.RestApiApplication           : Started RestApiApplication in 4.941 seconds (JVM running for 5.959)
2020-02-22 21:20:46.050  INFO 26104 --- [http-nio-8888-exec-1] o.a.c.c.C.[Tomcat].[localhost].[/]       : Initializing Spring DispatcherServlet 'dispatcherServlet'
2020-02-22 21:20:46.051  INFO 26104 --- [http-nio-8888-exec-1] o.s.web.servlet.DispatcherServlet        : Initializing Servlet 'dispatcherServlet'
2020-02-22 21:20:46.061  INFO 26104 --- [http-nio-8888-exec-1] o.s.web.servlet.DispatcherServlet        : Completed initialization in 9 ms
2020-02-22 21:23:32.826  INFO 26104 --- [RMI TCP Connection(2)-127.0.0.1] inMXBeanRegistrar$SpringApplicationAdmin : Application shutdown requested.
2020-02-22 21:23:32.832  INFO 26104 --- [RMI TCP Connection(2)-127.0.0.1] o.s.s.concurrent.ThreadPoolTaskExecutor  : Shutting down ExecutorService 'applicationTaskExecutor'
2020-02-22 21:23:32.834  INFO 26104 --- [RMI TCP Connection(2)-127.0.0.1] j.LocalContainerEntityManagerFactoryBean : Closing JPA EntityManagerFactory for persistence unit 'default'
2020-02-22 21:23:32.835  INFO 26104 --- [RMI TCP Connection(2)-127.0.0.1] com.zaxxer.hikari.HikariDataSource       : HikariPool-1 - Shutdown initiated...
2020-02-22 21:23:32.839  INFO 26104 --- [RMI TCP Connection(2)-127.0.0.1] com.zaxxer.hikari.HikariDataSource       : HikariPool-1 - Shutdown completed.
2020-02-22 21:24:05.730  INFO 3576 --- [main] com.example.RestApiApplication           : Starting RestApiApplication on DESKTOP-6B04KB6 with PID 3576 (started by 김동기 in C:\Users\김동기\git\kdk_boot_jpa)
2020-02-22 21:24:05.732  INFO 3576 --- [main] com.example.RestApiApplication           : No active profile set, falling back to default profiles: default
2020-02-22 21:24:06.573  INFO 3576 --- [main] .s.d.r.c.RepositoryConfigurationDelegate : Bootstrapping Spring Data repositories in DEFAULT mode.
2020-02-22 21:24:06.650  INFO 3576 --- [main] .s.d.r.c.RepositoryConfigurationDelegate : Finished Spring Data repository scanning in 68ms. Found 2 repository interfaces.
2020-02-22 21:24:06.886  INFO 3576 --- [main] ptablePropertiesBeanFactoryPostProcessor : Post-processing PropertySource instances
2020-02-22 21:24:06.949  INFO 3576 --- [main] c.u.j.EncryptablePropertySourceConverter : Converting PropertySource configurationProperties [org.springframework.boot.context.properties.source.ConfigurationPropertySourcesPropertySource] to AOP Proxy
2020-02-22 21:24:06.950  INFO 3576 --- [main] c.u.j.EncryptablePropertySourceConverter : Converting PropertySource commandLineArgs [org.springframework.core.env.SimpleCommandLinePropertySource] to EncryptableEnumerablePropertySourceWrapper
2020-02-22 21:24:06.951  INFO 3576 --- [main] c.u.j.EncryptablePropertySourceConverter : Converting PropertySource servletConfigInitParams [org.springframework.core.env.PropertySource$StubPropertySource] to EncryptablePropertySourceWrapper
2020-02-22 21:24:06.952  INFO 3576 --- [main] c.u.j.EncryptablePropertySourceConverter : Converting PropertySource servletContextInitParams [org.springframework.core.env.PropertySource$StubPropertySource] to EncryptablePropertySourceWrapper
2020-02-22 21:24:06.952  INFO 3576 --- [main] c.u.j.EncryptablePropertySourceConverter : Converting PropertySource systemProperties [org.springframework.core.env.PropertiesPropertySource] to EncryptableMapPropertySourceWrapper
2020-02-22 21:24:06.953  INFO 3576 --- [main] c.u.j.EncryptablePropertySourceConverter : Converting PropertySource systemEnvironment [org.springframework.boot.env.SystemEnvironmentPropertySourceEnvironmentPostProcessor$OriginAwareSystemEnvironmentPropertySource] to EncryptableMapPropertySourceWrapper
2020-02-22 21:24:06.953  INFO 3576 --- [main] c.u.j.EncryptablePropertySourceConverter : Converting PropertySource random [org.springframework.boot.env.RandomValuePropertySource] to EncryptablePropertySourceWrapper
2020-02-22 21:24:06.953  INFO 3576 --- [main] c.u.j.EncryptablePropertySourceConverter : Converting PropertySource applicationConfig: [classpath:/application.properties] [org.springframework.boot.env.OriginTrackedMapPropertySource] to EncryptableMapPropertySourceWrapper
2020-02-22 21:24:06.982  INFO 3576 --- [main] c.u.j.filter.DefaultLazyPropertyFilter   : Property Filter custom Bean not found with name 'encryptablePropertyFilter'. Initializing Default Property Filter
2020-02-22 21:24:07.038  INFO 3576 --- [main] trationDelegate$BeanPostProcessorChecker : Bean 'org.springframework.transaction.annotation.ProxyTransactionManagementConfiguration' of type [org.springframework.transaction.annotation.ProxyTransactionManagementConfiguration$$EnhancerBySpringCGLIB$$3c011f61] is not eligible for getting processed by all BeanPostProcessors (for example: not eligible for auto-proxying)
2020-02-22 21:24:07.110  INFO 3576 --- [main] c.u.j.r.DefaultLazyPropertyResolver      : Property Resolver custom Bean not found with name 'encryptablePropertyResolver'. Initializing Default Property Resolver
2020-02-22 21:24:07.112  INFO 3576 --- [main] c.u.j.d.DefaultLazyPropertyDetector      : Property Detector custom Bean not found with name 'encryptablePropertyDetector'. Initializing Default Property Detector
2020-02-22 21:24:07.305  INFO 3576 --- [main] o.s.b.w.embedded.tomcat.TomcatWebServer  : Tomcat initialized with port(s): 8888 (http)
2020-02-22 21:24:07.324  INFO 3576 --- [main] o.apache.catalina.core.StandardService   : Starting service [Tomcat]
2020-02-22 21:24:07.325  INFO 3576 --- [main] org.apache.catalina.core.StandardEngine  : Starting Servlet engine: [Apache Tomcat/9.0.26]
2020-02-22 21:24:07.518  INFO 3576 --- [main] org.apache.jasper.servlet.TldScanner     : At least one JAR was scanned for TLDs yet contained no TLDs. Enable debug logging for this logger for a complete list of JARs that were scanned but no TLDs were found in them. Skipping unneeded JARs during scanning can improve startup time and JSP compilation time.
2020-02-22 21:24:07.523  INFO 3576 --- [main] o.a.c.c.C.[Tomcat].[localhost].[/]       : Initializing Spring embedded WebApplicationContext
2020-02-22 21:24:07.523  INFO 3576 --- [main] o.s.web.context.ContextLoader            : Root WebApplicationContext: initialization completed in 1743 ms
2020-02-22 21:24:07.593  INFO 3576 --- [main] c.u.j.encryptor.DefaultLazyEncryptor     : Found Custom Encryptor Bean org.jasypt.encryption.pbe.PooledPBEStringEncryptor@77bbadc with name: jasyptStringEncryptor
2020-02-22 21:24:08.454  INFO 3576 --- [main] com.zaxxer.hikari.HikariDataSource       : HikariPool-1 - Starting...
2020-02-22 21:24:08.455  WARN 3576 --- [main] com.zaxxer.hikari.util.DriverDataSource  : Registered driver with driverClassName=com.mysql.jdbc.Driver was not found, trying direct instantiation.
2020-02-22 21:24:08.560  INFO 3576 --- [main] com.zaxxer.hikari.HikariDataSource       : HikariPool-1 - Start completed.
2020-02-22 21:24:08.609  INFO 3576 --- [main] o.hibernate.jpa.internal.util.LogHelper  : HHH000204: Processing PersistenceUnitInfo [
	name: default
	...]
2020-02-22 21:24:08.663  INFO 3576 --- [main] org.hibernate.Version                    : HHH000412: Hibernate Core {5.3.12.Final}
2020-02-22 21:24:08.664  INFO 3576 --- [main] org.hibernate.cfg.Environment            : HHH000206: hibernate.properties not found
2020-02-22 21:24:08.776  INFO 3576 --- [main] o.hibernate.annotations.common.Version   : HCANN000001: Hibernate Commons Annotations {5.0.4.Final}
2020-02-22 21:24:08.874  INFO 3576 --- [main] org.hibernate.dialect.Dialect            : HHH000400: Using dialect: org.hibernate.dialect.MySQL5Dialect
2020-02-22 21:24:09.330  INFO 3576 --- [main] j.LocalContainerEntityManagerFactoryBean : Initialized JPA EntityManagerFactory for persistence unit 'default'
2020-02-22 21:24:09.797  WARN 3576 --- [main] aWebConfiguration$JpaWebMvcConfiguration : spring.jpa.open-in-view is enabled by default. Therefore, database queries may be performed during view rendering. Explicitly configure spring.jpa.open-in-view to disable this warning
2020-02-22 21:24:09.900  INFO 3576 --- [main] pertySourcedRequestMappingHandlerMapping : Mapped URL path [/v2/api-docs] onto method [public org.springframework.http.ResponseEntity<springfox.documentation.spring.web.json.Json> springfox.documentation.swagger2.web.Swagger2Controller.getDocumentation(java.lang.String,javax.servlet.http.HttpServletRequest)]
2020-02-22 21:24:10.034  INFO 3576 --- [main] o.s.s.web.DefaultSecurityFilterChain     : Creating filter chain: org.springframework.security.web.util.matcher.AnyRequestMatcher@1, [org.springframework.security.web.context.request.async.WebAsyncManagerIntegrationFilter@351d93bd, org.springframework.security.web.context.SecurityContextPersistenceFilter@fe08eaf, org.springframework.security.web.header.HeaderWriterFilter@65f5cae3, org.springframework.security.web.csrf.CsrfFilter@27dfd12b, org.springframework.security.web.authentication.logout.LogoutFilter@23df7fad, org.springframework.security.web.authentication.UsernamePasswordAuthenticationFilter@bcfe29c, org.springframework.security.web.savedrequest.RequestCacheAwareFilter@7b3085a3, org.springframework.security.web.servletapi.SecurityContextHolderAwareRequestFilter@f49e81a, org.springframework.security.web.authentication.AnonymousAuthenticationFilter@61c5fd78, org.springframework.security.web.session.SessionManagementFilter@5909ae90, org.springframework.security.web.access.ExceptionTranslationFilter@698ac187, org.springframework.security.web.access.intercept.FilterSecurityInterceptor@3c64339f]
2020-02-22 21:24:10.145  INFO 3576 --- [main] o.s.s.concurrent.ThreadPoolTaskExecutor  : Initializing ExecutorService 'applicationTaskExecutor'
2020-02-22 21:24:10.193  INFO 3576 --- [main] o.s.b.a.w.s.WelcomePageHandlerMapping    : Adding welcome page template: index
2020-02-22 21:24:10.282  INFO 3576 --- [main] d.s.w.p.DocumentationPluginsBootstrapper : Context refreshed
2020-02-22 21:24:10.296  INFO 3576 --- [main] d.s.w.p.DocumentationPluginsBootstrapper : Found 1 custom documentation plugin(s)
2020-02-22 21:24:10.324  INFO 3576 --- [main] s.d.s.w.s.ApiListingReferenceScanner     : Scanning for api listing references
2020-02-22 21:24:10.690  INFO 3576 --- [main] o.s.b.w.embedded.tomcat.TomcatWebServer  : Tomcat started on port(s): 8888 (http) with context path ''
2020-02-22 21:24:10.692  INFO 3576 --- [main] com.example.RestApiApplication           : Started RestApiApplication in 5.304 seconds (JVM running for 6.556)
2020-02-22 21:24:13.617  INFO 3576 --- [http-nio-8888-exec-1] o.a.c.c.C.[Tomcat].[localhost].[/]       : Initializing Spring DispatcherServlet 'dispatcherServlet'
2020-02-22 21:24:13.617  INFO 3576 --- [http-nio-8888-exec-1] o.s.web.servlet.DispatcherServlet        : Initializing Servlet 'dispatcherServlet'
2020-02-22 21:24:13.626  INFO 3576 --- [http-nio-8888-exec-1] o.s.web.servlet.DispatcherServlet        : Completed initialization in 9 ms
2020-02-22 21:31:27.805  INFO 3576 --- [RMI TCP Connection(2)-127.0.0.1] inMXBeanRegistrar$SpringApplicationAdmin : Application shutdown requested.
2020-02-22 21:31:27.808  INFO 3576 --- [RMI TCP Connection(2)-127.0.0.1] o.s.s.concurrent.ThreadPoolTaskExecutor  : Shutting down ExecutorService 'applicationTaskExecutor'
2020-02-22 21:31:27.808  INFO 3576 --- [RMI TCP Connection(2)-127.0.0.1] j.LocalContainerEntityManagerFactoryBean : Closing JPA EntityManagerFactory for persistence unit 'default'
2020-02-22 21:31:27.808  INFO 3576 --- [RMI TCP Connection(2)-127.0.0.1] com.zaxxer.hikari.HikariDataSource       : HikariPool-1 - Shutdown initiated...
2020-02-22 21:31:27.808  INFO 3576 --- [RMI TCP Connection(2)-127.0.0.1] com.zaxxer.hikari.HikariDataSource       : HikariPool-1 - Shutdown completed.
2020-02-22 21:31:47.630  INFO 1728 --- [main] com.example.RestApiApplication           : Starting RestApiApplication on DESKTOP-6B04KB6 with PID 1728 (started by 김동기 in C:\Users\김동기\git\kdk_boot_jpa)
2020-02-22 21:31:47.630  INFO 1728 --- [main] com.example.RestApiApplication           : No active profile set, falling back to default profiles: default
2020-02-22 21:31:48.461  INFO 1728 --- [main] .s.d.r.c.RepositoryConfigurationDelegate : Bootstrapping Spring Data repositories in DEFAULT mode.
2020-02-22 21:31:48.524  INFO 1728 --- [main] .s.d.r.c.RepositoryConfigurationDelegate : Finished Spring Data repository scanning in 52ms. Found 2 repository interfaces.
2020-02-22 21:31:48.764  INFO 1728 --- [main] ptablePropertiesBeanFactoryPostProcessor : Post-processing PropertySource instances
2020-02-22 21:31:48.835  INFO 1728 --- [main] c.u.j.EncryptablePropertySourceConverter : Converting PropertySource configurationProperties [org.springframework.boot.context.properties.source.ConfigurationPropertySourcesPropertySource] to AOP Proxy
2020-02-22 21:31:48.835  INFO 1728 --- [main] c.u.j.EncryptablePropertySourceConverter : Converting PropertySource commandLineArgs [org.springframework.core.env.SimpleCommandLinePropertySource] to EncryptableEnumerablePropertySourceWrapper
2020-02-22 21:31:48.836  INFO 1728 --- [main] c.u.j.EncryptablePropertySourceConverter : Converting PropertySource servletConfigInitParams [org.springframework.core.env.PropertySource$StubPropertySource] to EncryptablePropertySourceWrapper
2020-02-22 21:31:48.836  INFO 1728 --- [main] c.u.j.EncryptablePropertySourceConverter : Converting PropertySource servletContextInitParams [org.springframework.core.env.PropertySource$StubPropertySource] to EncryptablePropertySourceWrapper
2020-02-22 21:31:48.837  INFO 1728 --- [main] c.u.j.EncryptablePropertySourceConverter : Converting PropertySource systemProperties [org.springframework.core.env.PropertiesPropertySource] to EncryptableMapPropertySourceWrapper
2020-02-22 21:31:48.837  INFO 1728 --- [main] c.u.j.EncryptablePropertySourceConverter : Converting PropertySource systemEnvironment [org.springframework.boot.env.SystemEnvironmentPropertySourceEnvironmentPostProcessor$OriginAwareSystemEnvironmentPropertySource] to EncryptableMapPropertySourceWrapper
2020-02-22 21:31:48.837  INFO 1728 --- [main] c.u.j.EncryptablePropertySourceConverter : Converting PropertySource random [org.springframework.boot.env.RandomValuePropertySource] to EncryptablePropertySourceWrapper
2020-02-22 21:31:48.837  INFO 1728 --- [main] c.u.j.EncryptablePropertySourceConverter : Converting PropertySource applicationConfig: [classpath:/application.properties] [org.springframework.boot.env.OriginTrackedMapPropertySource] to EncryptableMapPropertySourceWrapper
2020-02-22 21:31:48.852  INFO 1728 --- [main] c.u.j.filter.DefaultLazyPropertyFilter   : Property Filter custom Bean not found with name 'encryptablePropertyFilter'. Initializing Default Property Filter
2020-02-22 21:31:48.928  INFO 1728 --- [main] trationDelegate$BeanPostProcessorChecker : Bean 'org.springframework.transaction.annotation.ProxyTransactionManagementConfiguration' of type [org.springframework.transaction.annotation.ProxyTransactionManagementConfiguration$$EnhancerBySpringCGLIB$$71fefdb1] is not eligible for getting processed by all BeanPostProcessors (for example: not eligible for auto-proxying)
2020-02-22 21:31:49.009  INFO 1728 --- [main] c.u.j.r.DefaultLazyPropertyResolver      : Property Resolver custom Bean not found with name 'encryptablePropertyResolver'. Initializing Default Property Resolver
2020-02-22 21:31:49.009  INFO 1728 --- [main] c.u.j.d.DefaultLazyPropertyDetector      : Property Detector custom Bean not found with name 'encryptablePropertyDetector'. Initializing Default Property Detector
2020-02-22 21:31:49.260  INFO 1728 --- [main] o.s.b.w.embedded.tomcat.TomcatWebServer  : Tomcat initialized with port(s): 8888 (http)
2020-02-22 21:31:49.289  INFO 1728 --- [main] o.apache.catalina.core.StandardService   : Starting service [Tomcat]
2020-02-22 21:31:49.289  INFO 1728 --- [main] org.apache.catalina.core.StandardEngine  : Starting Servlet engine: [Apache Tomcat/9.0.26]
2020-02-22 21:31:49.492  INFO 1728 --- [main] org.apache.jasper.servlet.TldScanner     : At least one JAR was scanned for TLDs yet contained no TLDs. Enable debug logging for this logger for a complete list of JARs that were scanned but no TLDs were found in them. Skipping unneeded JARs during scanning can improve startup time and JSP compilation time.
2020-02-22 21:31:49.508  INFO 1728 --- [main] o.a.c.c.C.[Tomcat].[localhost].[/]       : Initializing Spring embedded WebApplicationContext
2020-02-22 21:31:49.508  INFO 1728 --- [main] o.s.web.context.ContextLoader            : Root WebApplicationContext: initialization completed in 1831 ms
2020-02-22 21:31:49.589  INFO 1728 --- [main] c.u.j.encryptor.DefaultLazyEncryptor     : Found Custom Encryptor Bean org.jasypt.encryption.pbe.PooledPBEStringEncryptor@433d9680 with name: jasyptStringEncryptor
2020-02-22 21:31:50.436  INFO 1728 --- [main] com.zaxxer.hikari.HikariDataSource       : HikariPool-1 - Starting...
2020-02-22 21:31:50.445  WARN 1728 --- [main] com.zaxxer.hikari.util.DriverDataSource  : Registered driver with driverClassName=com.mysql.jdbc.Driver was not found, trying direct instantiation.
2020-02-22 21:31:50.563  INFO 1728 --- [main] com.zaxxer.hikari.HikariDataSource       : HikariPool-1 - Start completed.
2020-02-22 21:31:50.607  INFO 1728 --- [main] o.hibernate.jpa.internal.util.LogHelper  : HHH000204: Processing PersistenceUnitInfo [
	name: default
	...]
2020-02-22 21:31:50.690  INFO 1728 --- [main] org.hibernate.Version                    : HHH000412: Hibernate Core {5.3.12.Final}
2020-02-22 21:31:50.694  INFO 1728 --- [main] org.hibernate.cfg.Environment            : HHH000206: hibernate.properties not found
2020-02-22 21:31:50.855  INFO 1728 --- [main] o.hibernate.annotations.common.Version   : HCANN000001: Hibernate Commons Annotations {5.0.4.Final}
2020-02-22 21:31:50.997  INFO 1728 --- [main] org.hibernate.dialect.Dialect            : HHH000400: Using dialect: org.hibernate.dialect.MySQL5Dialect
2020-02-22 21:31:51.608  INFO 1728 --- [main] j.LocalContainerEntityManagerFactoryBean : Initialized JPA EntityManagerFactory for persistence unit 'default'
2020-02-22 21:31:52.176  WARN 1728 --- [main] aWebConfiguration$JpaWebMvcConfiguration : spring.jpa.open-in-view is enabled by default. Therefore, database queries may be performed during view rendering. Explicitly configure spring.jpa.open-in-view to disable this warning
2020-02-22 21:31:52.337  INFO 1728 --- [main] pertySourcedRequestMappingHandlerMapping : Mapped URL path [/v2/api-docs] onto method [public org.springframework.http.ResponseEntity<springfox.documentation.spring.web.json.Json> springfox.documentation.swagger2.web.Swagger2Controller.getDocumentation(java.lang.String,javax.servlet.http.HttpServletRequest)]
2020-02-22 21:31:52.454  INFO 1728 --- [main] o.s.s.web.DefaultSecurityFilterChain     : Creating filter chain: org.springframework.security.web.util.matcher.AnyRequestMatcher@1, [org.springframework.security.web.context.request.async.WebAsyncManagerIntegrationFilter@72c175f1, org.springframework.security.web.context.SecurityContextPersistenceFilter@5d035ab6, org.springframework.security.web.header.HeaderWriterFilter@4e782401, org.springframework.security.web.csrf.CsrfFilter@656c0eae, org.springframework.security.web.authentication.logout.LogoutFilter@7a78d2aa, org.springframework.security.web.authentication.UsernamePasswordAuthenticationFilter@524dd373, org.springframework.security.web.savedrequest.RequestCacheAwareFilter@63af52a6, org.springframework.security.web.servletapi.SecurityContextHolderAwareRequestFilter@558575fe, org.springframework.security.web.authentication.AnonymousAuthenticationFilter@9fd3b61, org.springframework.security.web.session.SessionManagementFilter@4853f592, org.springframework.security.web.access.ExceptionTranslationFilter@1a1f22f2, org.springframework.security.web.access.intercept.FilterSecurityInterceptor@4fe3f9ef]
2020-02-22 21:31:52.611  INFO 1728 --- [main] o.s.s.concurrent.ThreadPoolTaskExecutor  : Initializing ExecutorService 'applicationTaskExecutor'
2020-02-22 21:31:52.684  INFO 1728 --- [main] o.s.b.a.w.s.WelcomePageHandlerMapping    : Adding welcome page template: index
2020-02-22 21:31:52.779  INFO 1728 --- [main] d.s.w.p.DocumentationPluginsBootstrapper : Context refreshed
2020-02-22 21:31:52.809  INFO 1728 --- [main] d.s.w.p.DocumentationPluginsBootstrapper : Found 1 custom documentation plugin(s)
2020-02-22 21:31:52.837  INFO 1728 --- [main] s.d.s.w.s.ApiListingReferenceScanner     : Scanning for api listing references
2020-02-22 21:31:53.219  INFO 1728 --- [main] o.s.b.w.embedded.tomcat.TomcatWebServer  : Tomcat started on port(s): 8888 (http) with context path ''
2020-02-22 21:31:53.223  INFO 1728 --- [main] com.example.RestApiApplication           : Started RestApiApplication in 5.985 seconds (JVM running for 7.217)
2020-02-22 21:31:58.392  INFO 1728 --- [http-nio-8888-exec-1] o.a.c.c.C.[Tomcat].[localhost].[/]       : Initializing Spring DispatcherServlet 'dispatcherServlet'
2020-02-22 21:31:58.393  INFO 1728 --- [http-nio-8888-exec-1] o.s.web.servlet.DispatcherServlet        : Initializing Servlet 'dispatcherServlet'
2020-02-22 21:31:58.412  INFO 1728 --- [http-nio-8888-exec-1] o.s.web.servlet.DispatcherServlet        : Completed initialization in 19 ms
